17:51:09 Started by upstream project "Test case 2.x/Trigger" build number 2
17:51:09 originally caused by:
17:51:09  Started by user Tester
17:51:09 Running as SYSTEM
17:51:09 Building in workspace /var/jenkins_home/workspace/Test case 2.x/Test Job A - Test case 1b
17:51:09 [WS-CLEANUP] Deleting project workspace...
17:51:09 [WS-CLEANUP] Deferred wipeout is used...
17:51:09 using credential jenkins-ssh-key
17:51:09 Cloning the remote Git repository
17:51:09 Cloning repository git@github.com:omitrowski/jenkins-git-pugin-test.git
17:51:09  > git init /var/jenkins_home/workspace/Test case 2.x/Test Job A - Test case 1b # timeout=10
17:51:09 Fetching upstream changes from git@github.com:omitrowski/jenkins-git-pugin-test.git
17:51:09  > git --version # timeout=10
17:51:09 using GIT_SSH to set credentials jenkins-pk
17:51:09  > git fetch --tags --progress git@github.com:omitrowski/jenkins-git-pugin-test.git +refs/heads/*:refs/remotes/origin/* # timeout=10
17:51:11  > git config remote.origin.url git@github.com:omitrowski/jenkins-git-pugin-test.git # timeout=10
17:51:11  > git config --add remote.origin.fetch +refs/heads/*:refs/remotes/origin/* # timeout=10
17:51:11  > git config remote.origin.url git@github.com:omitrowski/jenkins-git-pugin-test.git # timeout=10
17:51:11 Fetching upstream changes from git@github.com:omitrowski/jenkins-git-pugin-test.git
17:51:11 using GIT_SSH to set credentials jenkins-pk
17:51:11  > git fetch --tags --progress git@github.com:omitrowski/jenkins-git-pugin-test.git +refs/heads/*:refs/remotes/origin/* # timeout=10
17:51:13  > git rev-parse refs/remotes/origin/master^{commit} # timeout=10
17:51:13  > git rev-parse refs/remotes/origin/refs/heads/master^{commit} # timeout=10
17:51:13 Checking out Revision 4831e71924e493d189f21fd02090412211c7eb10 (refs/remotes/origin/master)
17:51:13  > git config core.sparsecheckout # timeout=10
17:51:13  > git checkout -f 4831e71924e493d189f21fd02090412211c7eb10 # timeout=10
17:51:13 Commit message: "modification from Jenkins Test case 2.x/Test Job B - Test case 1a (1)"
17:51:13 First time build. Skipping changelog.
17:51:13 [Test Job A - Test case 1b] $ /bin/bash /tmp/jenkins5771148970947107433.sh
17:51:13 + echo 'modification from Jenkins Test case 2.x/Test Job A - Test case 1b (1)'
17:51:13 + git diff
17:51:13 diff --git a/test-files/first-file.txt b/test-files/first-file.txt
17:51:13 index fbdbc21..6ee3554 100644
17:51:13 --- a/test-files/first-file.txt
17:51:13 +++ b/test-files/first-file.txt
17:51:13 @@ -1,2 +1,3 @@
17:51:13  # initial text added manually
17:51:13  manual modification from clone #1
17:51:13 +modification from Jenkins Test case 2.x/Test Job A - Test case 1b (1)
17:51:13 + sleep 60
17:52:13 + git commit -am 'modification from Jenkins Test case 2.x/Test Job A - Test case 1b (1)'
17:52:13 [detached HEAD 286e31b] modification from Jenkins Test case 2.x/Test Job A - Test case 1b (1)
17:52:13  1 file changed, 1 insertion(+)
17:52:13 using credential jenkins-ssh-key
17:52:13 Pushing HEAD to branch master at repo origin
17:52:13  > git --version # timeout=10
17:52:13 using GIT_SSH to set credentials jenkins-pk
17:52:13  > git push git@github.com:omitrowski/jenkins-git-pugin-test.git HEAD:master # timeout=10
17:52:14 ERROR: Failed to push branch master to origin
17:52:14 hudson.plugins.git.GitException: Command "git push git@github.com:omitrowski/jenkins-git-pugin-test.git HEAD:master" returned status code 1:
17:52:14 stdout:
17:52:14 stderr: To github.com:omitrowski/jenkins-git-pugin-test.git
17:52:14  ! [rejected]        HEAD -> master (fetch first)
17:52:14 error: failed to push some refs to 'git@github.com:omitrowski/jenkins-git-pugin-test.git'
17:52:14 hint: Updates were rejected because the remote contains work that you do
17:52:14 hint: not have locally. This is usually caused by another repository pushing
17:52:14 hint: to the same ref. You may want to first integrate the remote changes
17:52:14 hint: (e.g., 'git pull ...') before pushing again.
17:52:14 hint: See the 'Note about fast-forwards' in 'git push --help' for details.
17:52:14
17:52:14 	at org.jenkinsci.plugins.gitclient.CliGitAPIImpl.launchCommandIn(CliGitAPIImpl.java:2298)
17:52:14 	at org.jenkinsci.plugins.gitclient.CliGitAPIImpl.launchCommandWithCredentials(CliGitAPIImpl.java:1910)
17:52:14 	at org.jenkinsci.plugins.gitclient.CliGitAPIImpl.access$400(CliGitAPIImpl.java:81)
17:52:14 	at org.jenkinsci.plugins.gitclient.CliGitAPIImpl$8.execute(CliGitAPIImpl.java:2380)
17:52:14 	at hudson.plugins.git.GitPublisher.perform(GitPublisher.java:322)
17:52:14 	at hudson.tasks.BuildStepMonitor$1.perform(BuildStepMonitor.java:20)
17:52:14 	at hudson.model.AbstractBuild$AbstractBuildExecution.perform(AbstractBuild.java:741)
17:52:14 	at hudson.model.AbstractBuild$AbstractBuildExecution.performAllBuildSteps(AbstractBuild.java:690)
17:52:14 	at hudson.model.Build$BuildExecution.post2(Build.java:186)
17:52:14 	at hudson.model.AbstractBuild$AbstractBuildExecution.post(AbstractBuild.java:635)
17:52:14 	at hudson.model.Run.execute(Run.java:1843)
17:52:14 	at hudson.model.FreeStyleBuild.run(FreeStyleBuild.java:43)
17:52:14 	at hudson.model.ResourceController.execute(ResourceController.java:97)
17:52:14 	at hudson.model.Executor.run(Executor.java:429)
17:52:14 Build step 'Git Publisher' marked build as failure
17:52:14 Finished: FAILURE
